2024-12-19 13:44:45,281:INFO:__main__:Data loaded from data/spy_daily_data.csv. Shape: (2471, 47)
2024-12-19 13:44:45,282:INFO:__main__:Features and target separated. Features shape: (2471, 16), Target shape: (2471,)
2024-12-19 13:44:45,283:ERROR:__main__:Error training scaler: could not convert string to float: 'CL=F'
2024-12-19 13:44:45,290:ERROR:__main__:Traceback (most recent call last):
  File "/Users/joanmascastella/Documents/GitHub/Alpaxa/spy_trading_bot/a.py", line 83, in train_scaler_and_model
    scaler.fit(X)
  File "/Library/Frameworks/Python.framework/Versions/3.12/lib/python3.12/site-packages/sklearn/preprocessing/_data.py", line 450, in fit
    return self.partial_fit(X, y)
           ^^^^^^^^^^^^^^^^^^^^^^
  File "/Library/Frameworks/Python.framework/Versions/3.12/lib/python3.12/site-packages/sklearn/base.py", line 1473, in wrapper
    return fit_method(estimator, *args, **kwargs)
           ^^^^^^^^^^^^^^^^^^^^^^^^^^^^^^^^^^^^^^
  File "/Library/Frameworks/Python.framework/Versions/3.12/lib/python3.12/site-packages/sklearn/preprocessing/_data.py", line 490, in partial_fit
    X = self._validate_data(
        ^^^^^^^^^^^^^^^^^^^^
  File "/Library/Frameworks/Python.framework/Versions/3.12/lib/python3.12/site-packages/sklearn/base.py", line 633, in _validate_data
    out = check_array(X, input_name="X", **check_params)
          ^^^^^^^^^^^^^^^^^^^^^^^^^^^^^^^^^^^^^^^^^^^^^^
  File "/Library/Frameworks/Python.framework/Versions/3.12/lib/python3.12/site-packages/sklearn/utils/validation.py", line 1012, in check_array
    array = _asarray_with_order(array, order=order, dtype=dtype, xp=xp)
            ^^^^^^^^^^^^^^^^^^^^^^^^^^^^^^^^^^^^^^^^^^^^^^^^^^^^^^^^^^^
  File "/Library/Frameworks/Python.framework/Versions/3.12/lib/python3.12/site-packages/sklearn/utils/_array_api.py", line 745, in _asarray_with_order
    array = numpy.asarray(array, order=order, dtype=dtype)
            ^^^^^^^^^^^^^^^^^^^^^^^^^^^^^^^^^^^^^^^^^^^^^^
  File "/Library/Frameworks/Python.framework/Versions/3.12/lib/python3.12/site-packages/pandas/core/generic.py", line 2153, in __array__
    arr = np.asarray(values, dtype=dtype)
          ^^^^^^^^^^^^^^^^^^^^^^^^^^^^^^^
ValueError: could not convert string to float: 'CL=F'

